Case #1:
c . . . 
Case #2:
Impossible
Case #3:
Impossible
Case #4:
Impossible
Case #5:
c . * 
. . * 
* * * 
Case #6:
Impossible
Case #7:
Impossible
Case #8:
. . . * 
c . . * 
. . . * 
* * * * 
Case #9:
* . c . * 
Case #10:
Impossible
Case #11:
Impossible
Case #12:
c . * * 
. . * * 
* * * * 
* * * * 
Case #13:
Impossible
Case #14:
Impossible
Case #15:
Impossible
Case #16:
* * * 
. . * 
c . * 
. . * 
* * * 
Case #17:
. . * * 
c . * * 
. . * * 
* * * * 
Case #18:
Impossible
Case #19:
c 
. 
* 
Case #20:
Impossible
Case #21:
Impossible
Case #22:
* . . . . 
. . . . . 
c . . . * 
Case #23:
Impossible
Case #24:
Impossible
Case #25:
Impossible
Case #26:
. . . . 
c . . . 
Case #27:
. . . . 
. . . . 
c . . . 
Case #28:
* . . . 
. . . . 
. . . . 
c . . . 
Case #29:
c . 
. . 
* * 
Case #30:
. . . * 
. . . * 
c . . * 
. . . * 
* * * * 
Case #31:
* . . . 
. . . . 
. . . . 
. . . . 
c . . * 
Case #32:
Impossible
Case #33:
Impossible
Case #34:
* . . . * 
. . . . * 
c . . . * 
. . . . * 
* * * * * 
Case #35:
. . . . 
. . . . 
c . . . 
. . . . 
* * * * 
Case #36:
Impossible
Case #37:
c . * * 
. . * * 
* * * * 
Case #38:
Impossible
Case #39:
* . . . . 
. . . . . 
. . . . . 
c . . . * 
Case #40:
Impossible
Case #41:
Impossible
Case #42:
Impossible
Case #43:
* . . . 
. . . . 
c . . . 
. . . . 
* * * * 
Case #44:
Impossible
Case #45:
* . . . * 
. . . . * 
c . . . * 
Case #46:
. 
c 
. 
* 
Case #47:
Impossible
Case #48:
. . . 
. . . 
. . . 
c . . 
Case #49:
* . . . * 
* . . . * 
* . c . * 
Case #50:
Impossible
Case #51:
Impossible
Case #52:
Impossible
Case #53:
* . . . 
. . c . 
Case #54:
Impossible
Case #55:
. . . . . 
. . . . . 
. . . . . 
. . . . . 
c . . . . 
Case #56:
Impossible
Case #57:
Impossible
Case #58:
Impossible
Case #59:
Impossible
Case #60:
. . . . * 
c . . . * 
Case #61:
Impossible
Case #62:
Impossible
Case #63:
Impossible
Case #64:
Impossible
Case #65:
. 
. 
. 
c 
Case #66:
Impossible
Case #67:
Impossible
Case #68:
Impossible
Case #69:
* . . . * 
* . . . * 
* . c . * 
* . . . * 
* * * * * 
Case #70:
Impossible
Case #71:
. . * * 
c . * * 
Case #72:
* 
. 
c 
. 
* 
Case #73:
* . . . 
. . . . 
. . . . 
c . . * 
Case #74:
. 
. 
c 
Case #75:
* * . . . 
. . . . . 
. . . . . 
. . . . . 
c . . . * 
Case #76:
* . . . . 
. . . . . 
c . . . . 
Case #77:
Impossible
Case #78:
Impossible
Case #79:
Impossible
Case #80:
Impossible
Case #81:
Impossible
Case #82:
. . . . 
. . . . 
. . . . 
c . . . 
Case #83:
Impossible
Case #84:
c 
. 
* 
* 
Case #85:
Impossible
Case #86:
Impossible
Case #87:
* . . . 
. . . . 
. . . . 
. . . . 
c . . . 
Case #88:
Impossible
Case #89:
Impossible
Case #90:
* * * * 
. . . * 
c . . * 
. . . * 
* * * * 
Case #91:
Impossible
Case #92:
Impossible
Case #93:
* * 
. . 
c . 
. . 
* * 
Case #94:
Impossible
Case #95:
. . . 
c . . 
. . . 
* * * 
Case #96:
* . . . 
* . . . 
. . . . 
. . . . 
c . . * 
Case #97:
Impossible
Case #98:
Impossible
Case #99:
Impossible
Case #100:
. . * 
c . * 
. . * 
* * * 
Case #101:
Impossible
Case #102:
Impossible
Case #103:
Impossible
Case #104:
Impossible
Case #105:
. . . 
. . . 
c . . 
. . . 
* * * 
Case #106:
Impossible
Case #107:
. . . . . 
. . . . . 
. . . . . 
c . . . . 
Case #108:
. . . . * 
. . . . * 
c . . . * 
Case #109:
. . . * 
. . . * 
c . . * 
Case #110:
Impossible
Case #111:
* . . . 
. . . . 
c . . . 
Case #112:
c . 
Case #113:
Impossible
Case #114:
. . . . * 
. . . . * 
. . . . * 
. . . . * 
c . . . * 
Case #115:
Impossible
Case #116:
* . . . . 
. . . . . 
. . . . . 
. . . . . 
c . . . * 
Case #117:
. . . 
c . . 
Case #118:
* . . . * 
* . . . * 
. . . . * 
. . . . * 
c . . * * 
Case #119:
Impossible
Case #120:
Impossible
Case #121:
Impossible
Case #122:
. 
c 
Case #123:
Impossible
Case #124:
Impossible
Case #125:
c . * * 
Case #126:
Impossible
Case #127:
c . * 
. . * 
* * * 
* * * 
Case #128:
Impossible
Case #129:
Impossible
Case #130:
Impossible
Case #131:
c . . * 
Case #132:
c 
Case #133:
Impossible
Case #134:
. . 
. . 
. . 
c . 
Case #135:
* . . . * 
* . c . * 
Case #136:
* . . . . 
. . . . . 
. . . . . 
. . . . . 
c . . . . 
Case #137:
Impossible
Case #138:
* . . . * 
. . . . * 
c . . * * 
Case #139:
Impossible
Case #140:
. . * 
. . * 
c . * 
Case #141:
. . . 
. . . 
c . . 
Case #142:
Impossible
Case #143:
Impossible
Case #144:
. . . 
. . . 
. . . 
. . . 
c . . 
Case #145:
Impossible
Case #146:
Impossible
Case #147:
Impossible
Case #148:
* . . . 
. . . . 
c . . . 
. . . * 
* * * * 
Case #149:
Impossible
Case #150:
. 
. 
c 
. 
* 
Case #151:
Impossible
Case #152:
Impossible
Case #153:
. . 
. . 
c . 
. . 
* * 
Case #154:
. . 
* . 
. . 
. . 
c . 
Case #155:
* * * * 
. . * * 
c . * * 
. . * * 
* * * * 
Case #156:
* . . . * 
. . . . * 
. . . . * 
. . . . * 
c . . * * 
Case #157:
* * . . . 
. . . . . 
. . . . . 
. . . . . 
c . . * * 
Case #158:
* . . . * 
. . . . * 
. . . . * 
c . . . * 
Case #159:
* . . . * 
. . . . * 
. . . . * 
c . . * * 
Case #160:
. . . * 
. . . * 
. . . * 
c . . * 
Case #161:
c . . . * 
Case #162:
Impossible
Case #163:
c . 
. . 
* * 
* * 
Case #164:
Impossible
Case #165:
* . . . * 
. . c . * 
Case #166:
c . * 
Case #167:
Impossible
Case #168:
Impossible
Case #169:
Impossible
Case #170:
. . . . . 
c . . . . 
Case #171:
. 
. 
. 
. 
c 
Case #172:
. . . * 
c . . * 
Case #173:
* . . . * 
* . . . * 
* . . . * 
* . c . * 
Case #174:
Impossible
Case #175:
Impossible
Case #176:
. . . . 
. . . . 
. . . . 
. . . . 
c . . . 
Case #177:
Impossible
Case #178:
Impossible
Case #179:
. . . 
* . . 
. . . 
. . . 
c . . 
Case #180:
Impossible
Case #181:
Impossible
Case #182:
Impossible
Case #183:
Impossible
Case #184:
Impossible
Case #185:
* . . . * 
. . . . * 
. . . . * 
. . . . * 
c . . . * 
Case #186:
Impossible
Case #187:
* . . . * 
. . . . * 
c . . . * 
. . . * * 
* * * * * 
Case #188:
* . . . . 
. . . . . 
. . . . . 
c . . . . 
Case #189:
Impossible
Case #190:
* * . . . 
. . . . . 
. . . . . 
c . . . * 
Case #191:
Impossible
Case #192:
. . 
. . 
. . 
. . 
c . 
Case #193:
. . . . * 
. . . . * 
c . . . * 
. . . . * 
* * * * * 
Case #194:
Impossible
Case #195:
c . . . . 
Case #196:
. . 
c . 
. . 
* * 
Case #197:
Impossible
Case #198:
Impossible
Case #199:
Impossible
Case #200:
. . * 
c . * 
Case #201:
Impossible
Case #202:
. . * * 
. . * * 
c . * * 
Case #203:
* . . . * 
* . c . * 
* . . . * 
* * * * * 
Case #204:
. . . . * 
. . . . * 
. . . . * 
c . . . * 
Case #205:
* . . . . 
. . c . . 
Case #206:
Impossible
Case #207:
Impossible
Case #208:
Impossible
Case #209:
. . . 
* . . 
. . . 
. . * 
c . . 
Case #210:
c . . 
Case #211:
Impossible
Case #212:
* . . . 
. . . . 
c . . * 
Case #213:
Impossible
Case #214:
Impossible
Case #215:
. . . . . 
. . . . . 
c . . . . 
Case #216:
Impossible
Case #217:
. . 
. . 
c . 
Case #218:
* * * 
. . . 
c . . 
. . . 
* * * 
Case #219:
Impossible
Case #220:
Impossible
Case #221:
Impossible
Case #222:
Impossible
Case #223:
* * * * * 
* . . . * 
* . c . * 
* . . . * 
* * * * * 
Case #224:
Impossible
Case #225:
. . 
c . 
